15:40:15.892 [main] INFO  dev.console.App -
				**** Application Calculatrice ****
15:40:15.900 [main] INFO  dev.console.App -
				1+2=0
15:40:15.900 [main] INFO  dev.console.App -
				Au revoir :-(
15:41:12.121 [main] INFO  dev.console.App -
				**** Application Calculatrice ****
15:41:12.136 [main] INFO  dev.console.App -
				1+2=0
15:41:12.136 [main] INFO  dev.console.App -
				Au revoir :-(
15:42:47.380 [main] INFO  dev.console.App -
				**** Application Calculatrice ****
15:42:47.388 [main] INFO  dev.console.App -
				1+2=0
15:42:47.389 [main] INFO  dev.console.App -
				Au revoir :-(
15:45:02.540 [main] INFO  dev.test_Unitaire.CalculServiceTest -
				Etant donné, une instance de la classe CalculService
15:45:02.544 [main] INFO  dev.test_Unitaire.CalculServiceTest -
				Lorsque j'évalue l'addition de l'expression 1+3+4
15:45:02.623 [main] INFO  dev.service.CalculService -
				Evaluation de l'expression : 1+3+4
15:45:02.717 [main] INFO  dev.test_Unitaire.CalculServiceTest -
				Alors j'obtiens le résultat 8
15:45:03.101 [main] INFO  dev.console.AppTest -
				Etant donné, un service CalculService qui retourne 35 à l'évaluation de l'expression 1+34
15:45:03.110 [main] INFO  dev.console.AppTest -
				Lorsque la méthode evaluer est invoquée
15:45:03.112 [main] INFO  dev.console.App -
				1+34=35
15:45:03.112 [main] INFO  dev.console.AppTest -
				Alors le service est invoqué avec l'expression 1+34
15:45:03.118 [main] INFO  dev.console.AppTest -
				Alors dans la console, s'affiche 1+34=35
15:45:03.121 [main] INFO  dev.console.App -
				**** Application Calculatrice ****
15:45:03.122 [main] INFO  dev.console.App -
				**** Application Calculatrice ****
15:45:03.123 [main] INFO  dev.console.App -
				Au revoir :-(
15:45:03.124 [main] INFO  dev.console.AppTest -
				Etant donné, un service CalculService qui retourne 35 à l'évaluation de l'expression 1+34
15:45:03.125 [main] INFO  dev.console.AppTest -
				Lorsque la méthode evaluer est invoquée
15:46:14.102 [main] INFO  dev.test_Unitaire.CalculServiceTest -
				Etant donné, une instance de la classe CalculService
15:46:14.106 [main] INFO  dev.test_Unitaire.CalculServiceTest -
				Lorsque j'évalue l'addition de l'expression 1+3+4
15:46:14.107 [main] INFO  dev.service.CalculService -
				Evaluation de l'expression : 1+3+4
15:46:14.153 [main] INFO  dev.test_Unitaire.CalculServiceTest -
				Alors j'obtiens le résultat 8
15:46:14.527 [main] INFO  dev.console.AppTest -
				Etant donné, un service CalculService qui retourne 35 à l'évaluation de l'expression 1+34
15:46:14.535 [main] INFO  dev.console.AppTest -
				Lorsque la méthode evaluer est invoquée
15:46:14.537 [main] INFO  dev.console.App -
				1+34=35
15:46:14.537 [main] INFO  dev.console.AppTest -
				Alors le service est invoqué avec l'expression 1+34
15:46:14.544 [main] INFO  dev.console.AppTest -
				Alors dans la console, s'affiche 1+34=35
15:46:14.548 [main] INFO  dev.console.App -
				**** Application Calculatrice ****
15:46:14.549 [main] INFO  dev.console.App -
				**** Application Calculatrice ****
15:46:14.549 [main] INFO  dev.console.App -
				Au revoir :-(
15:46:14.550 [main] INFO  dev.console.App -
				**** Application Calculatrice ****
15:46:14.550 [main] INFO  dev.console.App -
				1+2=0
15:46:14.550 [main] INFO  dev.console.App -
				Au revoir :-(
15:46:14.558 [main] INFO  dev.console.AppTest -
				Etant donné, un service CalculService qui retourne 35 à l'évaluation de l'expression 1+34
15:46:14.559 [main] INFO  dev.console.AppTest -
				Lorsque la méthode evaluer est invoquée
15:46:56.671 [main] INFO  dev.test_Unitaire.CalculServiceTest -
				Etant donné, une instance de la classe CalculService
15:46:56.676 [main] INFO  dev.test_Unitaire.CalculServiceTest -
				Lorsque j'évalue l'addition de l'expression 1+3+4
15:46:56.676 [main] INFO  dev.service.CalculService -
				Evaluation de l'expression : 1+3+4
15:46:56.720 [main] INFO  dev.test_Unitaire.CalculServiceTest -
				Alors j'obtiens le résultat 8
15:46:57.103 [main] INFO  dev.console.AppTest -
				Etant donné, un service CalculService qui retourne 35 à l'évaluation de l'expression 1+34
15:46:57.110 [main] INFO  dev.console.AppTest -
				Lorsque la méthode evaluer est invoquée
15:46:57.112 [main] INFO  dev.console.App -
				1+34=35
15:46:57.113 [main] INFO  dev.console.AppTest -
				Alors le service est invoqué avec l'expression 1+34
15:46:57.118 [main] INFO  dev.console.AppTest -
				Alors dans la console, s'affiche 1+34=35
15:46:57.121 [main] INFO  dev.console.App -
				**** Application Calculatrice ****
15:46:57.122 [main] INFO  dev.console.App -
				**** Application Calculatrice ****
15:46:57.123 [main] INFO  dev.console.App -
				Au revoir :-(
15:46:57.123 [main] INFO  dev.console.App -
				**** Application Calculatrice ****
15:46:57.124 [main] INFO  dev.console.App -
				1+2=0
15:46:57.124 [main] INFO  dev.console.App -
				Au revoir :-(
15:46:57.125 [main] INFO  dev.console.AppTest -
				Etant donné, un service CalculService qui retourne 35 à l'évaluation de l'expression 1+34
15:46:57.126 [main] INFO  dev.console.AppTest -
				Lorsque la méthode evaluer est invoquée
15:47:09.599 [main] INFO  dev.test_Unitaire.CalculServiceTest -
				Etant donné, une instance de la classe CalculService
15:47:09.605 [main] INFO  dev.test_Unitaire.CalculServiceTest -
				Lorsque j'évalue l'addition de l'expression 1+3+4
15:47:09.605 [main] INFO  dev.service.CalculService -
				Evaluation de l'expression : 1+3+4
15:47:09.646 [main] INFO  dev.test_Unitaire.CalculServiceTest -
				Alors j'obtiens le résultat 8
15:47:10.026 [main] INFO  dev.console.AppTest -
				Etant donné, un service CalculService qui retourne 35 à l'évaluation de l'expression 1+34
15:47:10.032 [main] INFO  dev.console.AppTest -
				Lorsque la méthode evaluer est invoquée
15:47:10.034 [main] INFO  dev.console.App -
				1+34=35
15:47:10.035 [main] INFO  dev.console.AppTest -
				Alors le service est invoqué avec l'expression 1+34
15:47:10.040 [main] INFO  dev.console.AppTest -
				Alors dans la console, s'affiche 1+34=35
15:47:10.043 [main] INFO  dev.console.App -
				**** Application Calculatrice ****
15:47:10.044 [main] INFO  dev.console.App -
				**** Application Calculatrice ****
15:47:10.045 [main] INFO  dev.console.App -
				Au revoir :-(
15:47:10.046 [main] INFO  dev.console.App -
				**** Application Calculatrice ****
15:47:10.046 [main] INFO  dev.console.App -
				1+2=0
15:47:10.047 [main] INFO  dev.console.App -
				Au revoir :-(
15:47:10.055 [main] INFO  dev.console.AppTest -
				Etant donné, un service CalculService qui retourne 35 à l'évaluation de l'expression 1+34
15:47:10.056 [main] INFO  dev.console.AppTest -
				Lorsque la méthode evaluer est invoquée
15:52:22.003 [main] INFO  dev.test_Unitaire.CalculServiceTest -
				Etant donné, une instance de la classe CalculService
15:52:22.003 [main] INFO  dev.test_Unitaire.CalculServiceTest -
				Lorsque j'évalue l'addition de l'expression 1+3+4
15:52:22.003 [main] INFO  dev.service.CalculService -
				Evaluation de l'expression : 1+3+4
15:52:22.050 [main] INFO  dev.test_Unitaire.CalculServiceTest -
				Alors j'obtiens le résultat 8
15:52:22.425 [main] INFO  dev.console.AppTest -
				Etant donné, un service CalculService qui retourne 35 à l'évaluation de l'expression 1+34
15:52:22.425 [main] INFO  dev.console.AppTest -
				Lorsque la méthode evaluer est invoquée
15:52:22.441 [main] INFO  dev.console.App -
				1+34=35
15:52:22.441 [main] INFO  dev.console.AppTest -
				Alors le service est invoqué avec l'expression 1+34
15:52:22.441 [main] INFO  dev.console.AppTest -
				Alors dans la console, s'affiche 1+34=35
15:52:22.441 [main] INFO  dev.console.App -
				**** Application Calculatrice ****
15:52:22.441 [main] INFO  dev.console.App -
				**** Application Calculatrice ****
15:52:22.441 [main] INFO  dev.console.App -
				Au revoir :-(
15:52:22.441 [main] INFO  dev.console.App -
				**** Application Calculatrice ****
15:52:22.441 [main] INFO  dev.console.App -
				1+2=3
15:52:22.441 [main] INFO  dev.console.App -
				Au revoir :-(
15:52:22.456 [main] INFO  dev.console.AppTest -
				Etant donné, un service CalculService qui retourne 35 à l'évaluation de l'expression 1+34
15:52:22.456 [main] INFO  dev.console.AppTest -
				Lorsque la méthode evaluer est invoquée
15:53:38.063 [main] INFO  dev.test_Unitaire.CalculServiceTest -
				Etant donné, une instance de la classe CalculService
15:53:38.068 [main] INFO  dev.test_Unitaire.CalculServiceTest -
				Lorsque j'évalue l'addition de l'expression 1+3+4
15:53:38.068 [main] INFO  dev.service.CalculService -
				Evaluation de l'expression : 1+3+4
15:53:38.128 [main] INFO  dev.test_Unitaire.CalculServiceTest -
				Alors j'obtiens le résultat 8
15:53:38.511 [main] INFO  dev.console.AppTest -
				Etant donné, un service CalculService qui retourne 35 à l'évaluation de l'expression 1+34
15:53:38.521 [main] INFO  dev.console.AppTest -
				Lorsque la méthode evaluer est invoquée
15:53:38.524 [main] INFO  dev.console.App -
				1+34=35
15:53:38.524 [main] INFO  dev.console.AppTest -
				Alors le service est invoqué avec l'expression 1+34
15:53:38.529 [main] INFO  dev.console.AppTest -
				Alors dans la console, s'affiche 1+34=35
15:53:38.532 [main] INFO  dev.console.App -
				**** Application Calculatrice ****
15:53:38.532 [main] INFO  dev.console.App -
				**** Application Calculatrice ****
15:53:38.533 [main] INFO  dev.console.App -
				Au revoir :-(
15:53:38.534 [main] INFO  dev.console.App -
				**** Application Calculatrice ****
15:53:38.534 [main] INFO  dev.console.App -
				1+2=3
15:53:38.534 [main] INFO  dev.console.App -
				Au revoir :-(
15:53:38.538 [main] INFO  dev.console.AppTest -
				Etant donné, un service CalculService qui retourne 35 à l'évaluation de l'expression 1+34
15:53:38.539 [main] INFO  dev.console.AppTest -
				Lorsque la méthode evaluer est invoquée
15:53:48.329 [main] INFO  dev.test_Unitaire.CalculServiceTest -
				Etant donné, une instance de la classe CalculService
15:53:48.332 [main] INFO  dev.test_Unitaire.CalculServiceTest -
				Lorsque j'évalue l'addition de l'expression 1+3+4
15:53:48.332 [main] INFO  dev.service.CalculService -
				Evaluation de l'expression : 1+3+4
15:53:48.388 [main] INFO  dev.test_Unitaire.CalculServiceTest -
				Alors j'obtiens le résultat 8
15:53:48.766 [main] INFO  dev.console.AppTest -
				Etant donné, un service CalculService qui retourne 35 à l'évaluation de l'expression 1+34
15:53:48.775 [main] INFO  dev.console.AppTest -
				Lorsque la méthode evaluer est invoquée
15:53:48.778 [main] INFO  dev.console.App -
				1+34=35
15:53:48.778 [main] INFO  dev.console.AppTest -
				Alors le service est invoqué avec l'expression 1+34
15:53:48.784 [main] INFO  dev.console.AppTest -
				Alors dans la console, s'affiche 1+34=35
15:53:48.786 [main] INFO  dev.console.App -
				**** Application Calculatrice ****
15:53:48.787 [main] INFO  dev.console.App -
				**** Application Calculatrice ****
15:53:48.788 [main] INFO  dev.console.App -
				Au revoir :-(
15:53:48.788 [main] INFO  dev.console.App -
				**** Application Calculatrice ****
15:53:48.789 [main] INFO  dev.console.App -
				1+2=3
15:53:48.789 [main] INFO  dev.console.App -
				Au revoir :-(
15:53:48.794 [main] INFO  dev.console.App -
				**** Application Calculatrice ****
15:53:48.794 [main] INFO  dev.console.App -
				AAAA=0
15:53:48.794 [main] INFO  dev.console.App -
				Au revoir :-(
15:53:48.804 [main] INFO  dev.console.AppTest -
				Etant donné, un service CalculService qui retourne 35 à l'évaluation de l'expression 1+34
15:53:48.804 [main] INFO  dev.console.AppTest -
				Lorsque la méthode evaluer est invoquée
15:54:16.346 [main] INFO  dev.test_Unitaire.CalculServiceTest -
				Etant donné, une instance de la classe CalculService
15:54:16.350 [main] INFO  dev.test_Unitaire.CalculServiceTest -
				Lorsque j'évalue l'addition de l'expression 1+3+4
15:54:16.350 [main] INFO  dev.service.CalculService -
				Evaluation de l'expression : 1+3+4
15:54:16.400 [main] INFO  dev.test_Unitaire.CalculServiceTest -
				Alors j'obtiens le résultat 8
15:54:16.778 [main] INFO  dev.console.AppTest -
				Etant donné, un service CalculService qui retourne 35 à l'évaluation de l'expression 1+34
15:54:16.786 [main] INFO  dev.console.AppTest -
				Lorsque la méthode evaluer est invoquée
15:54:16.789 [main] INFO  dev.console.App -
				1+34=35
15:54:16.789 [main] INFO  dev.console.AppTest -
				Alors le service est invoqué avec l'expression 1+34
15:54:16.796 [main] INFO  dev.console.AppTest -
				Alors dans la console, s'affiche 1+34=35
15:54:16.800 [main] INFO  dev.console.App -
				**** Application Calculatrice ****
15:54:16.803 [main] INFO  dev.console.App -
				**** Application Calculatrice ****
15:54:16.806 [main] INFO  dev.console.App -
				Au revoir :-(
15:54:16.807 [main] INFO  dev.console.App -
				**** Application Calculatrice ****
15:54:16.807 [main] INFO  dev.console.App -
				1+2=3
15:54:16.807 [main] INFO  dev.console.App -
				Au revoir :-(
15:54:16.812 [main] INFO  dev.console.App -
				**** Application Calculatrice ****
15:54:16.813 [main] INFO  dev.console.App -
				AAAA=0
15:54:16.813 [main] INFO  dev.console.App -
				Au revoir :-(
15:54:16.823 [main] INFO  dev.console.AppTest -
				Etant donné, un service CalculService qui retourne 35 à l'évaluation de l'expression 1+34
15:54:16.823 [main] INFO  dev.console.AppTest -
				Lorsque la méthode evaluer est invoquée
15:55:00.773 [main] INFO  dev.test_Unitaire.CalculServiceTest -
				Etant donné, une instance de la classe CalculService
15:55:00.776 [main] INFO  dev.test_Unitaire.CalculServiceTest -
				Lorsque j'évalue l'addition de l'expression 1+3+4
15:55:00.776 [main] INFO  dev.service.CalculService -
				Evaluation de l'expression : 1+3+4
15:55:00.830 [main] INFO  dev.test_Unitaire.CalculServiceTest -
				Alors j'obtiens le résultat 8
15:55:01.218 [main] INFO  dev.console.AppTest -
				Etant donné, un service CalculService qui retourne 35 à l'évaluation de l'expression 1+34
15:55:01.224 [main] INFO  dev.console.AppTest -
				Lorsque la méthode evaluer est invoquée
15:55:01.227 [main] INFO  dev.console.App -
				1+34=35
15:55:01.227 [main] INFO  dev.console.AppTest -
				Alors le service est invoqué avec l'expression 1+34
15:55:01.234 [main] INFO  dev.console.AppTest -
				Alors dans la console, s'affiche 1+34=35
15:55:01.238 [main] INFO  dev.console.App -
				**** Application Calculatrice ****
15:55:01.239 [main] INFO  dev.console.App -
				**** Application Calculatrice ****
15:55:01.239 [main] INFO  dev.console.App -
				Au revoir :-(
15:55:01.240 [main] INFO  dev.console.App -
				**** Application Calculatrice ****
15:55:01.241 [main] INFO  dev.console.App -
				1+2=3
15:55:01.241 [main] INFO  dev.console.App -
				Au revoir :-(
15:55:01.245 [main] INFO  dev.console.App -
				**** Application Calculatrice ****
15:55:01.246 [main] INFO  dev.console.App -
				AAAA=0
15:55:01.246 [main] INFO  dev.console.App -
				Au revoir :-(
15:55:01.256 [main] INFO  dev.console.AppTest -
				Etant donné, un service CalculService qui retourne 35 à l'évaluation de l'expression 1+34
15:55:01.256 [main] INFO  dev.console.AppTest -
				Lorsque la méthode evaluer est invoquée
15:56:47.057 [main] INFO  dev.test_Unitaire.CalculServiceTest -
				Etant donné, une instance de la classe CalculService
15:56:47.063 [main] INFO  dev.test_Unitaire.CalculServiceTest -
				Lorsque j'évalue l'addition de l'expression 1+3+4
15:56:47.064 [main] INFO  dev.service.CalculService -
				Evaluation de l'expression : 1+3+4
15:56:47.132 [main] INFO  dev.test_Unitaire.CalculServiceTest -
				Alors j'obtiens le résultat 8
15:56:47.527 [main] INFO  dev.console.AppTest -
				Etant donné, un service CalculService qui retourne 35 à l'évaluation de l'expression 1+34
15:56:47.533 [main] INFO  dev.console.AppTest -
				Lorsque la méthode evaluer est invoquée
15:56:47.535 [main] INFO  dev.console.App -
				1+34=35
15:56:47.535 [main] INFO  dev.console.AppTest -
				Alors le service est invoqué avec l'expression 1+34
15:56:47.540 [main] INFO  dev.console.AppTest -
				Alors dans la console, s'affiche 1+34=35
15:56:47.543 [main] INFO  dev.console.App -
				**** Application Calculatrice ****
15:56:47.543 [main] INFO  dev.console.App -
				**** Application Calculatrice ****
15:56:47.543 [main] INFO  dev.console.App -
				Au revoir :-(
15:56:47.544 [main] INFO  dev.console.App -
				**** Application Calculatrice ****
15:56:47.544 [main] INFO  dev.console.App -
				1+2=3
15:56:47.544 [main] INFO  dev.console.App -
				Au revoir :-(
15:56:47.550 [main] INFO  dev.console.App -
				**** Application Calculatrice ****
15:56:47.551 [main] INFO  dev.console.App -
				AAAA=0
15:56:47.551 [main] INFO  dev.console.App -
				Au revoir :-(
15:56:47.562 [main] INFO  dev.console.AppTest -
				Etant donné, un service CalculService qui retourne 35 à l'évaluation de l'expression 1+34
15:56:47.562 [main] INFO  dev.console.AppTest -
				Lorsque la méthode evaluer est invoquée
15:57:14.303 [main] INFO  dev.test_Unitaire.CalculServiceTest -
				Etant donné, une instance de la classe CalculService
15:57:14.306 [main] INFO  dev.test_Unitaire.CalculServiceTest -
				Lorsque j'évalue l'addition de l'expression 1+3+4
15:57:14.306 [main] INFO  dev.service.CalculService -
				Evaluation de l'expression : 1+3+4
15:57:14.346 [main] INFO  dev.test_Unitaire.CalculServiceTest -
				Alors j'obtiens le résultat 8
15:57:14.727 [main] INFO  dev.console.AppTest -
				Etant donné, un service CalculService qui retourne 35 à l'évaluation de l'expression 1+34
15:57:14.735 [main] INFO  dev.console.AppTest -
				Lorsque la méthode evaluer est invoquée
15:57:14.737 [main] INFO  dev.console.App -
				1+34=35
15:57:14.738 [main] INFO  dev.console.AppTest -
				Alors le service est invoqué avec l'expression 1+34
15:57:14.744 [main] INFO  dev.console.AppTest -
				Alors dans la console, s'affiche 1+34=35
15:57:14.747 [main] INFO  dev.console.App -
				**** Application Calculatrice ****
15:57:14.748 [main] INFO  dev.console.App -
				**** Application Calculatrice ****
15:57:14.748 [main] INFO  dev.console.App -
				Au revoir :-(
15:57:14.749 [main] INFO  dev.console.App -
				**** Application Calculatrice ****
15:57:14.749 [main] INFO  dev.console.App -
				1+2=3
15:57:14.749 [main] INFO  dev.console.App -
				Au revoir :-(
15:57:14.754 [main] INFO  dev.console.App -
				**** Application Calculatrice ****
15:57:14.758 [main] INFO  dev.console.AppTest -
				Etant donné, un service CalculService qui retourne 35 à l'évaluation de l'expression 1+34
15:57:14.759 [main] INFO  dev.console.AppTest -
				Lorsque la méthode evaluer est invoquée
15:58:08.890 [main] INFO  dev.test_Unitaire.CalculServiceTest -
				Etant donné, une instance de la classe CalculService
15:58:08.895 [main] INFO  dev.test_Unitaire.CalculServiceTest -
				Lorsque j'évalue l'addition de l'expression 1+3+4
15:58:08.895 [main] INFO  dev.service.CalculService -
				Evaluation de l'expression : 1+3+4
15:58:08.944 [main] INFO  dev.test_Unitaire.CalculServiceTest -
				Alors j'obtiens le résultat 8
15:58:09.319 [main] INFO  dev.console.AppTest -
				Etant donné, un service CalculService qui retourne 35 à l'évaluation de l'expression 1+34
15:58:09.328 [main] INFO  dev.console.AppTest -
				Lorsque la méthode evaluer est invoquée
15:58:09.330 [main] INFO  dev.console.App -
				1+34=35
15:58:09.330 [main] INFO  dev.console.AppTest -
				Alors le service est invoqué avec l'expression 1+34
15:58:09.336 [main] INFO  dev.console.AppTest -
				Alors dans la console, s'affiche 1+34=35
15:58:09.339 [main] INFO  dev.console.App -
				**** Application Calculatrice ****
15:58:09.340 [main] INFO  dev.console.App -
				**** Application Calculatrice ****
15:58:09.341 [main] INFO  dev.console.App -
				Au revoir :-(
15:58:09.342 [main] INFO  dev.console.App -
				**** Application Calculatrice ****
15:58:09.342 [main] INFO  dev.console.App -
				1+2=3
15:58:09.342 [main] INFO  dev.console.App -
				Au revoir :-(
15:58:09.349 [main] INFO  dev.console.App -
				**** Application Calculatrice ****
15:58:09.354 [main] INFO  dev.console.App -
				**** Application Calculatrice ****
15:58:09.355 [main] INFO  dev.console.App -
				1+2=3
15:58:09.355 [main] INFO  dev.console.App -
				30+2=32
15:58:09.355 [main] INFO  dev.console.App -
				Au revoir :-(
15:58:09.356 [main] INFO  dev.console.AppTest -
				Etant donné, un service CalculService qui retourne 35 à l'évaluation de l'expression 1+34
15:58:09.356 [main] INFO  dev.console.AppTest -
				Lorsque la méthode evaluer est invoquée
15:58:26.268 [main] INFO  dev.console.App -
				**** Application Calculatrice ****
15:58:29.518 [main] INFO  dev.service.CalculService -
				Evaluation de l'expression : 30+2
15:58:29.558 [main] INFO  dev.console.App -
				30+2=32
15:58:34.166 [main] INFO  dev.service.CalculService -
				Evaluation de l'expression : 1+3
15:58:34.166 [main] INFO  dev.console.App -
				1+3=4
15:58:38.406 [main] INFO  dev.service.CalculService -
				Evaluation de l'expression : 7-7+5
15:58:56.835 [main] INFO  dev.console.App -
				**** Application Calculatrice ****
15:59:07.357 [main] INFO  dev.console.App -
				Au revoir :-(
15:59:10.633 [main] INFO  dev.console.App -
				**** Application Calculatrice ****
15:59:13.614 [main] INFO  dev.service.CalculService -
				Evaluation de l'expression : 7-7
15:59:23.450 [main] INFO  dev.console.App -
				**** Application Calculatrice ****
15:59:29.886 [main] INFO  dev.service.CalculService -
				Evaluation de l'expression : AAAA
15:59:35.114 [main] INFO  dev.console.App -
				**** Application Calculatrice ****
16:00:41.870 [main] INFO  dev.service.CalculService -
				Evaluation de l'expression : 7/
16:03:34.515 [main] INFO  dev.console.App -
				**** Application Calculatrice ****
16:03:37.348 [main] INFO  dev.service.CalculService -
				Evaluation de l'expression : 1*41
16:03:37.390 [main] INFO  dev.console.App -
				L'expression1*41 est invalide
16:03:42.220 [main] INFO  dev.service.CalculService -
				Evaluation de l'expression : 1+1
16:03:42.221 [main] INFO  dev.console.App -
				1+1=2
16:03:51.261 [main] INFO  dev.service.CalculService -
				Evaluation de l'expression : aaaa
16:03:51.261 [main] INFO  dev.console.App -
				L'expressionaaaa est invalide
16:03:53.669 [main] INFO  dev.service.CalculService -
				Evaluation de l'expression : ap^zakcpzdf
16:03:53.669 [main] INFO  dev.console.App -
				L'expressionap^zakcpzdf est invalide
16:03:56.196 [main] INFO  dev.console.App -
				Au revoir :-(
